C:\USERS\OHSHIMA\DESKTOP\NETLIST_8DIRE_17-0120＿コピー\DEBUG\NETLIST.EXE
C:\USERS\OHSHIMA\DESKTOP\NETLIST_8DIRE_17-0120＿コピー\DEBUG\NETLIST.ILK
C:\USERS\OHSHIMA\DESKTOP\NETLIST_8DIRE_17-0120＿コピー\DEBUG\NETLIST.PDB
C:\USERS\OHSHIMA\DESKTOP\NETLIST_8DIRE_17-0120＿コピー\NETLIST\DEBUG\NETLIST.EXE.EMBED.MANIFEST
C:\USERS\OHSHIMA\DESKTOP\NETLIST_8DIRE_17-0120＿コピー\NETLIST\DEBUG\NETLIST.EXE.EMBED.MANIFEST.RES
C:\USERS\OHSHIMA\DESKTOP\NETLIST_8DIRE_17-0120＿コピー\NETLIST\DEBUG\NETLIST.EXE.INTERMEDIATE.MANIFEST
C:\USERS\OHSHIMA\DESKTOP\NETLIST_8DIRE_17-0120＿コピー\NETLIST\DEBUG\NRUTIL.OBJ
C:\USERS\OHSHIMA\DESKTOP\NETLIST_8DIRE_17-0120＿コピー\NETLIST\DEBUG\SPICE2.OBJ
C:\USERS\OHSHIMA\DESKTOP\NETLIST_8DIRE_17-0120＿コピー\NETLIST\DEBUG\VC100.PDB
C:\USERS\OHSHIMA\DESKTOP\NETLIST_8DIRE_17-0403画像読み込み\DEBUG\NETLIST.EXE
C:\USERS\OHSHIMA\DESKTOP\NETLIST_8DIRE_17-0403画像読み込み\DEBUG\NETLIST.ILK
C:\USERS\OHSHIMA\DESKTOP\NETLIST_8DIRE_17-0403画像読み込み\DEBUG\NETLIST.PDB
C:\Users\ohshima\Desktop\NetList_8dire_17-0403画像読み込み\NetList\Debug\cl.command.1.tlog
C:\Users\ohshima\Desktop\NetList_8dire_17-0403画像読み込み\NetList\Debug\CL.read.1.tlog
C:\Users\ohshima\Desktop\NetList_8dire_17-0403画像読み込み\NetList\Debug\CL.write.1.tlog
C:\Users\ohshima\Desktop\NetList_8dire_17-0403画像読み込み\NetList\Debug\link.4212.read.1.tlog
C:\Users\ohshima\Desktop\NetList_8dire_17-0403画像読み込み\NetList\Debug\link.4212.write.1.tlog
C:\Users\ohshima\Desktop\NetList_8dire_17-0403画像読み込み\NetList\Debug\link.4212-cvtres.read.1.tlog
C:\Users\ohshima\Desktop\NetList_8dire_17-0403画像読み込み\NetList\Debug\link.4212-cvtres.write.1.tlog
C:\Users\ohshima\Desktop\NetList_8dire_17-0403画像読み込み\NetList\Debug\link.5848.read.1.tlog
C:\Users\ohshima\Desktop\NetList_8dire_17-0403画像読み込み\NetList\Debug\link.5848.write.1.tlog
C:\Users\ohshima\Desktop\NetList_8dire_17-0403画像読み込み\NetList\Debug\link.5848-cvtres.read.1.tlog
C:\Users\ohshima\Desktop\NetList_8dire_17-0403画像読み込み\NetList\Debug\link.5848-cvtres.write.1.tlog
C:\Users\ohshima\Desktop\NetList_8dire_17-0403画像読み込み\NetList\Debug\link.6008.read.1.tlog
C:\Users\ohshima\Desktop\NetList_8dire_17-0403画像読み込み\NetList\Debug\link.6008.write.1.tlog
C:\Users\ohshima\Desktop\NetList_8dire_17-0403画像読み込み\NetList\Debug\link.6008-cvtres.read.1.tlog
C:\Users\ohshima\Desktop\NetList_8dire_17-0403画像読み込み\NetList\Debug\link.6008-cvtres.write.1.tlog
C:\Users\ohshima\Desktop\NetList_8dire_17-0403画像読み込み\NetList\Debug\link.6344.read.1.tlog
C:\Users\ohshima\Desktop\NetList_8dire_17-0403画像読み込み\NetList\Debug\link.6344.write.1.tlog
C:\Users\ohshima\Desktop\NetList_8dire_17-0403画像読み込み\NetList\Debug\link.6344-cvtres.read.1.tlog
C:\Users\ohshima\Desktop\NetList_8dire_17-0403画像読み込み\NetList\Debug\link.6344-cvtres.write.1.tlog
C:\Users\ohshima\Desktop\NetList_8dire_17-0403画像読み込み\NetList\Debug\link.6520.read.1.tlog
C:\Users\ohshima\Desktop\NetList_8dire_17-0403画像読み込み\NetList\Debug\link.6520.write.1.tlog
C:\Users\ohshima\Desktop\NetList_8dire_17-0403画像読み込み\NetList\Debug\link.6520-cvtres.read.1.tlog
C:\Users\ohshima\Desktop\NetList_8dire_17-0403画像読み込み\NetList\Debug\link.6520-cvtres.write.1.tlog
C:\Users\ohshima\Desktop\NetList_8dire_17-0403画像読み込み\NetList\Debug\link.command.1.tlog
C:\Users\ohshima\Desktop\NetList_8dire_17-0403画像読み込み\NetList\Debug\link.read.1.tlog
C:\Users\ohshima\Desktop\NetList_8dire_17-0403画像読み込み\NetList\Debug\link.write.1.tlog
C:\Users\ohshima\Desktop\NetList_8dire_17-0403画像読み込み\NetList\Debug\link-cvtres.read.1.tlog
C:\Users\ohshima\Desktop\NetList_8dire_17-0403画像読み込み\NetList\Debug\link-cvtres.write.1.tlog
C:\Users\ohshima\Desktop\NetList_8dire_17-0403画像読み込み\NetList\Debug\mt.command.1.tlog
C:\Users\ohshima\Desktop\NetList_8dire_17-0403画像読み込み\NetList\Debug\mt.read.1.tlog
C:\Users\ohshima\Desktop\NetList_8dire_17-0403画像読み込み\NetList\Debug\mt.write.1.tlog
C:\Users\ohshima\Desktop\NetList_8dire_17-0403画像読み込み\NetList\Debug\NetList.exe.embed.manifest
C:\USERS\OHSHIMA\DESKTOP\NETLIST_8DIRE_17-0403画像読み込み\NETLIST\DEBUG\NETLIST.EXE.EMBED.MANIFEST.RES
C:\USERS\OHSHIMA\DESKTOP\NETLIST_8DIRE_17-0403画像読み込み\NETLIST\DEBUG\NETLIST.EXE.INTERMEDIATE.MANIFEST
C:\Users\ohshima\Desktop\NetList_8dire_17-0403画像読み込み\NetList\Debug\NetList.vcxprojResolveAssemblyReference.cache
C:\Users\ohshima\Desktop\NetList_8dire_17-0403画像読み込み\NetList\Debug\NetList.write.1.tlog
C:\Users\ohshima\Desktop\NetList_8dire_17-0403画像読み込み\NetList\Debug\NetList_manifest.rc
C:\USERS\OHSHIMA\DESKTOP\NETLIST_8DIRE_17-0403画像読み込み\NETLIST\DEBUG\NRUTIL.OBJ
C:\Users\ohshima\Desktop\NetList_8dire_17-0403画像読み込み\NetList\Debug\rc.command.1.tlog
C:\Users\ohshima\Desktop\NetList_8dire_17-0403画像読み込み\NetList\Debug\rc.read.1.tlog
C:\Users\ohshima\Desktop\NetList_8dire_17-0403画像読み込み\NetList\Debug\rc.write.1.tlog
C:\USERS\OHSHIMA\DESKTOP\NETLIST_8DIRE_17-0403画像読み込み\NETLIST\DEBUG\SPICE2.OBJ
C:\Users\ohshima\Desktop\NetList_8dire_17-0403画像読み込み\NetList\Debug\vc100.idb
C:\USERS\OHSHIMA\DESKTOP\NETLIST_8DIRE_17-0403画像読み込み\NETLIST\DEBUG\VC100.PDB
